Starting namenodes on [master]
master: starting namenode, logging to /usr/local/hadoop/logs/hadoop-hduser-namenode-hadoopcluster1.out
master: starting datanode, logging to /usr/local/hadoop/logs/hadoop-hduser-datanode-hadoopcluster1.out
slave2: starting datanode, logging to /usr/local/hadoop/logs/hadoop-hduser-datanode-hadoopcluster3.out
slave3: starting datanode, logging to /usr/local/hadoop/logs/hadoop-hduser-datanode-hadoopcluster4.out
slave: starting datanode, logging to /usr/local/hadoop/logs/hadoop-hduser-datanode-hadoopcluster2.out
Starting secondary namenodes [0.0.0.0]
0.0.0.0: starting secondarynamenode, logging to /usr/local/hadoop/logs/hadoop-hduser-secondarynamenode-hadoopcluster1.out
starting yarn daemons
starting resourcemanager, logging to /usr/local/hadoop/logs/yarn-hduser-resourcemanager-hadoopcluster1.out
slave3: starting nodemanager, logging to /usr/local/hadoop/logs/yarn-hduser-nodemanager-hadoopcluster4.out
slave2: starting nodemanager, logging to /usr/local/hadoop/logs/yarn-hduser-nodemanager-hadoopcluster3.out
slave: starting nodemanager, logging to /usr/local/hadoop/logs/yarn-hduser-nodemanager-hadoopcluster2.out
master: starting nodemanager, logging to /usr/local/hadoop/logs/yarn-hduser-nodemanager-hadoopcluster1.out
DEPRECATED: Use of this script to execute hdfs command is deprecated.
Instead use the hdfs command for it.

safemode: Call From master/10.142.0.2 to master:54310 failed on connection exception: java.net.ConnectException: Connection refused; For more details see:  http://wiki.apache.org/hadoop/ConnectionRefused
17/12/15 21:23:59 WARN streaming.StreamJob: -file option is deprecated, please use generic option -files instead.
packageJobJar: [/home/hduser/Work/SDA-Project/MapHadoop.py, /home/hduser/Work/SDA-Project/ReducerHadoop.py, /tmp/hadoop-unjar4853800468621449084/] [] /tmp/streamjob3555318272573677143.jar tmpDir=null
17/12/15 21:24:03 INFO client.RMProxy: Connecting to ResourceManager at master/10.142.0.2:8032
17/12/15 21:24:03 INFO client.RMProxy: Connecting to ResourceManager at master/10.142.0.2:8032
17/12/15 21:24:04 ERROR streaming.StreamJob: Error Launching job : Call From master/10.142.0.2 to master:54310 failed on connection exception: java.net.ConnectException: Connection refused; For more details see:  http://wiki.apache.org/hadoop/ConnectionRefused
Streaming Command Failed!
get: Call From master/10.142.0.2 to master:54310 failed on connection exception: java.net.ConnectException: Connection refused; For more details see:  http://wiki.apache.org/hadoop/ConnectionRefused
rm: Call From master/10.142.0.2 to master:54310 failed on connection exception: java.net.ConnectException: Connection refused; For more details see:  http://wiki.apache.org/hadoop/ConnectionRefused
Stopping namenodes on [master]
master: no namenode to stop
slave2: stopping datanode
master: stopping datanode
slave3: stopping datanode
slave: stopping datanode
Stopping secondary namenodes [0.0.0.0]
0.0.0.0: stopping secondarynamenode
stopping yarn daemons
stopping resourcemanager
slave: stopping nodemanager
slave: nodemanager did not stop gracefully after 5 seconds: killing with kill -9
master: stopping nodemanager
master: nodemanager did not stop gracefully after 5 seconds: killing with kill -9
slave3: stopping nodemanager
slave3: nodemanager did not stop gracefully after 5 seconds: killing with kill -9
slave2: stopping nodemanager
slave2: nodemanager did not stop gracefully after 5 seconds: killing with kill -9
no proxyserver to stop
ERROR, url not found
ERROR, url not found
ERROR, url not found
ERROR, url not found
ERROR, url not found
ERROR, url not found
ERROR, url not found
ERROR, url not found
ERROR, url not found
ERROR, url not found
ERROR, url not found
ERROR, url not found
ERROR, url not found
ERROR, url not found
ERROR, url not found
ERROR, url not found
ERROR, url not found
ERROR, url not found
ERROR, url not found
ERROR, url not found
ERROR, url not found
ERROR, url not found
ERROR, url not found
ERROR, url not found
ERROR, url not found
ERROR, url not found
ERROR, url not found
ERROR, url not found
ERROR, url not found
ERROR, url not found
ERROR, url not found
ERROR, url not found
ERROR, url not found
ERROR, url not found
ERROR, url not found
ERROR, url not found
ERROR, url not found
ERROR, url not found
ERROR, url not found
ERROR, url not found
ERROR, url not found
ERROR, url not found
ERROR, url not found
Starting namenodes on [master]
master: namenode running as process 22898. Stop it first.
master: datanode running as process 23062. Stop it first.
slave2: starting datanode, logging to /usr/local/hadoop/logs/hadoop-hduser-datanode-hadoopcluster3.out
slave: starting datanode, logging to /usr/local/hadoop/logs/hadoop-hduser-datanode-hadoopcluster2.out
slave3: starting datanode, logging to /usr/local/hadoop/logs/hadoop-hduser-datanode-hadoopcluster4.out
Starting secondary namenodes [0.0.0.0]
0.0.0.0: secondarynamenode running as process 23256. Stop it first.
starting yarn daemons
starting resourcemanager, logging to /usr/local/hadoop/logs/yarn-hduser-resourcemanager-hadoopcluster1.out
slave2: starting nodemanager, logging to /usr/local/hadoop/logs/yarn-hduser-nodemanager-hadoopcluster3.out
slave: starting nodemanager, logging to /usr/local/hadoop/logs/yarn-hduser-nodemanager-hadoopcluster2.out
slave3: starting nodemanager, logging to /usr/local/hadoop/logs/yarn-hduser-nodemanager-hadoopcluster4.out
master: starting nodemanager, logging to /usr/local/hadoop/logs/yarn-hduser-nodemanager-hadoopcluster1.out
Archive:  /usr/local/hadoop/tmp/Files/2016/01/01/20160101000000.gkg.csv.zip

  inflating: /usr/local/hadoop/tmp/Files/2016/01/01/20160101000000.gkg.csv  
mkdir: Cannot create directory /home/hduser/Files/2016/01/01. Name node is in safe mode.
copyFromLocal: `/home/hduser/Files/2016/01/01/20160101000000.gkg.csv': No such file or directory: `hdfs://master:54310/home/hduser/Files/2016/01/01/20160101000000.gkg.csv'
Archive:  /usr/local/hadoop/tmp/Files/2016/01/01/20160101001500.gkg.csv.zip

  inflating: /usr/local/hadoop/tmp/Files/2016/01/01/20160101001500.gkg.csv  
mkdir: Cannot create directory /home/hduser/Files/2016/01/01. Name node is in safe mode.
copyFromLocal: `/home/hduser/Files/2016/01/01/20160101001500.gkg.csv': No such file or directory: `hdfs://master:54310/home/hduser/Files/2016/01/01/20160101001500.gkg.csv'
Archive:  /usr/local/hadoop/tmp/Files/2016/01/01/20160101003000.gkg.csv.zip

  inflating: /usr/local/hadoop/tmp/Files/2016/01/01/20160101003000.gkg.csv  
mkdir: Cannot create directory /home/hduser/Files/2016/01/01. Name node is in safe mode.
copyFromLocal: `/home/hduser/Files/2016/01/01/20160101003000.gkg.csv': No such file or directory: `hdfs://master:54310/home/hduser/Files/2016/01/01/20160101003000.gkg.csv'
Archive:  /usr/local/hadoop/tmp/Files/2016/01/01/20160101004500.gkg.csv.zip

  inflating: /usr/local/hadoop/tmp/Files/2016/01/01/20160101004500.gkg.csv  
mkdir: Cannot create directory /home/hduser/Files/2016/01/01. Name node is in safe mode.
copyFromLocal: `/home/hduser/Files/2016/01/01/20160101004500.gkg.csv': No such file or directory: `hdfs://master:54310/home/hduser/Files/2016/01/01/20160101004500.gkg.csv'
Archive:  /usr/local/hadoop/tmp/Files/2016/01/01/20160101010000.gkg.csv.zip

  inflating: /usr/local/hadoop/tmp/Files/2016/01/01/20160101010000.gkg.csv  
mkdir: Cannot create directory /home/hduser/Files/2016/01/01. Name node is in safe mode.
copyFromLocal: `/home/hduser/Files/2016/01/01/20160101010000.gkg.csv': No such file or directory: `hdfs://master:54310/home/hduser/Files/2016/01/01/20160101010000.gkg.csv'
Archive:  /usr/local/hadoop/tmp/Files/2016/01/01/20160101011500.gkg.csv.zip

  inflating: /usr/local/hadoop/tmp/Files/2016/01/01/20160101011500.gkg.csv  
mkdir: Cannot create directory /home/hduser/Files/2016/01/01. Name node is in safe mode.
copyFromLocal: `/home/hduser/Files/2016/01/01/20160101011500.gkg.csv': No such file or directory: `hdfs://master:54310/home/hduser/Files/2016/01/01/20160101011500.gkg.csv'
Archive:  /usr/local/hadoop/tmp/Files/2016/01/01/20160101013000.gkg.csv.zip

  inflating: /usr/local/hadoop/tmp/Files/2016/01/01/20160101013000.gkg.csv  
mkdir: Cannot create directory /home/hduser/Files/2016/01/01. Name node is in safe mode.
copyFromLocal: `/home/hduser/Files/2016/01/01/20160101013000.gkg.csv': No such file or directory: `hdfs://master:54310/home/hduser/Files/2016/01/01/20160101013000.gkg.csv'
Archive:  /usr/local/hadoop/tmp/Files/2016/01/01/20160101014500.gkg.csv.zip

  inflating: /usr/local/hadoop/tmp/Files/2016/01/01/20160101014500.gkg.csv  
mkdir: Cannot create directory /home/hduser/Files/2016/01/01. Name node is in safe mode.
copyFromLocal: `/home/hduser/Files/2016/01/01/20160101014500.gkg.csv': No such file or directory: `hdfs://master:54310/home/hduser/Files/2016/01/01/20160101014500.gkg.csv'
Archive:  /usr/local/hadoop/tmp/Files/2016/01/01/20160101020000.gkg.csv.zip

  inflating: /usr/local/hadoop/tmp/Files/2016/01/01/20160101020000.gkg.csv  
mkdir: Cannot create directory /home/hduser/Files/2016/01/01. Name node is in safe mode.
copyFromLocal: `/home/hduser/Files/2016/01/01/20160101020000.gkg.csv': No such file or directory: `hdfs://master:54310/home/hduser/Files/2016/01/01/20160101020000.gkg.csv'
Archive:  /usr/local/hadoop/tmp/Files/2016/01/01/20160101021500.gkg.csv.zip

  inflating: /usr/local/hadoop/tmp/Files/2016/01/01/20160101021500.gkg.csv  
mkdir: Cannot create directory /home/hduser/Files/2016/01/01. Name node is in safe mode.
copyFromLocal: `/home/hduser/Files/2016/01/01/20160101021500.gkg.csv': No such file or directory: `hdfs://master:54310/home/hduser/Files/2016/01/01/20160101021500.gkg.csv'
Archive:  /usr/local/hadoop/tmp/Files/2016/01/01/20160101023000.gkg.csv.zip

  inflating: /usr/local/hadoop/tmp/Files/2016/01/01/20160101023000.gkg.csv  
mkdir: Cannot create directory /home/hduser/Files/2016/01/01. Name node is in safe mode.
copyFromLocal: `/home/hduser/Files/2016/01/01/20160101023000.gkg.csv': No such file or directory: `hdfs://master:54310/home/hduser/Files/2016/01/01/20160101023000.gkg.csv'
Archive:  /usr/local/hadoop/tmp/Files/2016/01/01/20160101024500.gkg.csv.zip

  inflating: /usr/local/hadoop/tmp/Files/2016/01/01/20160101024500.gkg.csv  
mkdir: Cannot create directory /home/hduser/Files/2016/01/01. Name node is in safe mode.
copyFromLocal: `/home/hduser/Files/2016/01/01/20160101024500.gkg.csv': No such file or directory: `hdfs://master:54310/home/hduser/Files/2016/01/01/20160101024500.gkg.csv'
Archive:  /usr/local/hadoop/tmp/Files/2016/01/01/20160101030000.gkg.csv.zip

  inflating: /usr/local/hadoop/tmp/Files/2016/01/01/20160101030000.gkg.csv  
mkdir: Cannot create directory /home/hduser/Files/2016/01/01. Name node is in safe mode.
copyFromLocal: `/home/hduser/Files/2016/01/01/20160101030000.gkg.csv': No such file or directory: `hdfs://master:54310/home/hduser/Files/2016/01/01/20160101030000.gkg.csv'
Archive:  /usr/local/hadoop/tmp/Files/2016/01/01/20160101031500.gkg.csv.zip

  inflating: /usr/local/hadoop/tmp/Files/2016/01/01/20160101031500.gkg.csv  
mkdir: Cannot create directory /home/hduser/Files/2016/01/01. Name node is in safe mode.
copyFromLocal: `/home/hduser/Files/2016/01/01/20160101031500.gkg.csv': No such file or directory: `hdfs://master:54310/home/hduser/Files/2016/01/01/20160101031500.gkg.csv'
Archive:  /usr/local/hadoop/tmp/Files/2016/01/01/20160101033000.gkg.csv.zip

  inflating: /usr/local/hadoop/tmp/Files/2016/01/01/20160101033000.gkg.csv  
mkdir: Cannot create directory /home/hduser/Files/2016/01/01. Name node is in safe mode.
copyFromLocal: `/home/hduser/Files/2016/01/01/20160101033000.gkg.csv': No such file or directory: `hdfs://master:54310/home/hduser/Files/2016/01/01/20160101033000.gkg.csv'
Archive:  /usr/local/hadoop/tmp/Files/2016/01/01/20160101034500.gkg.csv.zip

  inflating: /usr/local/hadoop/tmp/Files/2016/01/01/20160101034500.gkg.csv  
mkdir: Cannot create directory /home/hduser/Files/2016/01/01. Name node is in safe mode.
copyFromLocal: `/home/hduser/Files/2016/01/01/20160101034500.gkg.csv': No such file or directory: `hdfs://master:54310/home/hduser/Files/2016/01/01/20160101034500.gkg.csv'
Archive:  /usr/local/hadoop/tmp/Files/2016/01/01/20160101040000.gkg.csv.zip

  inflating: /usr/local/hadoop/tmp/Files/2016/01/01/20160101040000.gkg.csv  
mkdir: Cannot create directory /home/hduser/Files/2016/01/01. Name node is in safe mode.
copyFromLocal: `/home/hduser/Files/2016/01/01/20160101040000.gkg.csv': No such file or directory: `hdfs://master:54310/home/hduser/Files/2016/01/01/20160101040000.gkg.csv'
Archive:  /usr/local/hadoop/tmp/Files/2016/01/01/20160101041500.gkg.csv.zip

  inflating: /usr/local/hadoop/tmp/Files/2016/01/01/20160101041500.gkg.csv  
mkdir: Cannot create directory /home/hduser/Files/2016/01/01. Name node is in safe mode.
copyFromLocal: `/home/hduser/Files/2016/01/01/20160101041500.gkg.csv': No such file or directory: `hdfs://master:54310/home/hduser/Files/2016/01/01/20160101041500.gkg.csv'
Archive:  /usr/local/hadoop/tmp/Files/2016/01/01/20160101043000.gkg.csv.zip

  inflating: /usr/local/hadoop/tmp/Files/2016/01/01/20160101043000.gkg.csv  
mkdir: Cannot create directory /home/hduser/Files/2016/01/01. Name node is in safe mode.
copyFromLocal: `/home/hduser/Files/2016/01/01/20160101043000.gkg.csv': No such file or directory: `hdfs://master:54310/home/hduser/Files/2016/01/01/20160101043000.gkg.csv'
Archive:  /usr/local/hadoop/tmp/Files/2016/01/01/20160101044500.gkg.csv.zip

  inflating: /usr/local/hadoop/tmp/Files/2016/01/01/20160101044500.gkg.csv  
mkdir: Cannot create directory /home/hduser/Files/2016/01/01. Name node is in safe mode.
copyFromLocal: `/home/hduser/Files/2016/01/01/20160101044500.gkg.csv': No such file or directory: `hdfs://master:54310/home/hduser/Files/2016/01/01/20160101044500.gkg.csv'
Archive:  /usr/local/hadoop/tmp/Files/2016/01/01/20160101050000.gkg.csv.zip

  inflating: /usr/local/hadoop/tmp/Files/2016/01/01/20160101050000.gkg.csv  
mkdir: Cannot create directory /home/hduser/Files/2016/01/01. Name node is in safe mode.
copyFromLocal: `/home/hduser/Files/2016/01/01/20160101050000.gkg.csv': No such file or directory: `hdfs://master:54310/home/hduser/Files/2016/01/01/20160101050000.gkg.csv'
Archive:  /usr/local/hadoop/tmp/Files/2016/01/01/20160101051500.gkg.csv.zip

  inflating: /usr/local/hadoop/tmp/Files/2016/01/01/20160101051500.gkg.csv  
mkdir: Cannot create directory /home/hduser/Files/2016/01/01. Name node is in safe mode.
copyFromLocal: `/home/hduser/Files/2016/01/01/20160101051500.gkg.csv': No such file or directory: `hdfs://master:54310/home/hduser/Files/2016/01/01/20160101051500.gkg.csv'
Archive:  /usr/local/hadoop/tmp/Files/2016/01/01/20160101053000.gkg.csv.zip

  inflating: /usr/local/hadoop/tmp/Files/2016/01/01/20160101053000.gkg.csv  
mkdir: Cannot create directory /home/hduser/Files/2016/01/01. Name node is in safe mode.
copyFromLocal: `/home/hduser/Files/2016/01/01/20160101053000.gkg.csv': No such file or directory: `hdfs://master:54310/home/hduser/Files/2016/01/01/20160101053000.gkg.csv'
Archive:  /usr/local/hadoop/tmp/Files/2016/01/01/20160101054500.gkg.csv.zip

  inflating: /usr/local/hadoop/tmp/Files/2016/01/01/20160101054500.gkg.csv  
mkdir: Cannot create directory /home/hduser/Files/2016/01/01. Name node is in safe mode.
copyFromLocal: `/home/hduser/Files/2016/01/01/20160101054500.gkg.csv': No such file or directory: `hdfs://master:54310/home/hduser/Files/2016/01/01/20160101054500.gkg.csv'
Archive:  /usr/local/hadoop/tmp/Files/2016/01/01/20160101060000.gkg.csv.zip

  inflating: /usr/local/hadoop/tmp/Files/2016/01/01/20160101060000.gkg.csv  
mkdir: Cannot create directory /home/hduser/Files/2016/01/01. Name node is in safe mode.
copyFromLocal: `/home/hduser/Files/2016/01/01/20160101060000.gkg.csv': No such file or directory: `hdfs://master:54310/home/hduser/Files/2016/01/01/20160101060000.gkg.csv'
Archive:  /usr/local/hadoop/tmp/Files/2016/01/01/20160101061500.gkg.csv.zip

  inflating: /usr/local/hadoop/tmp/Files/2016/01/01/20160101061500.gkg.csv  
mkdir: Cannot create directory /home/hduser/Files/2016/01/01. Name node is in safe mode.
copyFromLocal: `/home/hduser/Files/2016/01/01/20160101061500.gkg.csv': No such file or directory: `hdfs://master:54310/home/hduser/Files/2016/01/01/20160101061500.gkg.csv'
Archive:  /usr/local/hadoop/tmp/Files/2016/01/01/20160101063000.gkg.csv.zip

  inflating: /usr/local/hadoop/tmp/Files/2016/01/01/20160101063000.gkg.csv  
mkdir: Cannot create directory /home/hduser/Files/2016/01/01. Name node is in safe mode.
copyFromLocal: `/home/hduser/Files/2016/01/01/20160101063000.gkg.csv': No such file or directory: `hdfs://master:54310/home/hduser/Files/2016/01/01/20160101063000.gkg.csv'
Archive:  /usr/local/hadoop/tmp/Files/2016/01/01/20160101064500.gkg.csv.zip

  inflating: /usr/local/hadoop/tmp/Files/2016/01/01/20160101064500.gkg.csv  
mkdir: Cannot create directory /home/hduser/Files/2016/01/01. Name node is in safe mode.
copyFromLocal: `/home/hduser/Files/2016/01/01/20160101064500.gkg.csv': No such file or directory: `hdfs://master:54310/home/hduser/Files/2016/01/01/20160101064500.gkg.csv'
Archive:  /usr/local/hadoop/tmp/Files/2016/01/01/20160101070000.gkg.csv.zip

  inflating: /usr/local/hadoop/tmp/Files/2016/01/01/20160101070000.gkg.csv  
mkdir: Cannot create directory /home/hduser/Files/2016/01/01. Name node is in safe mode.
copyFromLocal: `/home/hduser/Files/2016/01/01/20160101070000.gkg.csv': No such file or directory: `hdfs://master:54310/home/hduser/Files/2016/01/01/20160101070000.gkg.csv'
Archive:  /usr/local/hadoop/tmp/Files/2016/01/01/20160101071500.gkg.csv.zip

  inflating: /usr/local/hadoop/tmp/Files/2016/01/01/20160101071500.gkg.csv  
mkdir: Cannot create directory /home/hduser/Files/2016/01/01. Name node is in safe mode.
copyFromLocal: `/home/hduser/Files/2016/01/01/20160101071500.gkg.csv': No such file or directory: `hdfs://master:54310/home/hduser/Files/2016/01/01/20160101071500.gkg.csv'
Archive:  /usr/local/hadoop/tmp/Files/2016/01/01/20160101073000.gkg.csv.zip

  inflating: /usr/local/hadoop/tmp/Files/2016/01/01/20160101073000.gkg.csv  
mkdir: Cannot create directory /home/hduser/Files/2016/01/01. Name node is in safe mode.
copyFromLocal: `/home/hduser/Files/2016/01/01/20160101073000.gkg.csv': No such file or directory: `hdfs://master:54310/home/hduser/Files/2016/01/01/20160101073000.gkg.csv'
Archive:  /usr/local/hadoop/tmp/Files/2016/01/01/20160101074500.gkg.csv.zip

  inflating: /usr/local/hadoop/tmp/Files/2016/01/01/20160101074500.gkg.csv  
mkdir: Cannot create directory /home/hduser/Files/2016/01/01. Name node is in safe mode.
copyFromLocal: `/home/hduser/Files/2016/01/01/20160101074500.gkg.csv': No such file or directory: `hdfs://master:54310/home/hduser/Files/2016/01/01/20160101074500.gkg.csv'
Archive:  /usr/local/hadoop/tmp/Files/2016/01/01/20160101080000.gkg.csv.zip

  inflating: /usr/local/hadoop/tmp/Files/2016/01/01/20160101080000.gkg.csv  
mkdir: Cannot create directory /home/hduser/Files/2016/01/01. Name node is in safe mode.
copyFromLocal: `/home/hduser/Files/2016/01/01/20160101080000.gkg.csv': No such file or directory: `hdfs://master:54310/home/hduser/Files/2016/01/01/20160101080000.gkg.csv'
Archive:  /usr/local/hadoop/tmp/Files/2016/01/01/20160101081500.gkg.csv.zip

  inflating: /usr/local/hadoop/tmp/Files/2016/01/01/20160101081500.gkg.csv  
mkdir: Cannot create directory /home/hduser/Files/2016/01/01. Name node is in safe mode.
copyFromLocal: `/home/hduser/Files/2016/01/01/20160101081500.gkg.csv': No such file or directory: `hdfs://master:54310/home/hduser/Files/2016/01/01/20160101081500.gkg.csv'
Archive:  /usr/local/hadoop/tmp/Files/2016/01/01/20160101083000.gkg.csv.zip

  inflating: /usr/local/hadoop/tmp/Files/2016/01/01/20160101083000.gkg.csv  
mkdir: Cannot create directory /home/hduser/Files/2016/01/01. Name node is in safe mode.
copyFromLocal: `/home/hduser/Files/2016/01/01/20160101083000.gkg.csv': No such file or directory: `hdfs://master:54310/home/hduser/Files/2016/01/01/20160101083000.gkg.csv'
Archive:  /usr/local/hadoop/tmp/Files/2016/01/01/20160101084500.gkg.csv.zip

  inflating: /usr/local/hadoop/tmp/Files/2016/01/01/20160101084500.gkg.csv  
mkdir: Cannot create directory /home/hduser/Files/2016/01/01. Name node is in safe mode.
copyFromLocal: `/home/hduser/Files/2016/01/01/20160101084500.gkg.csv': No such file or directory: `hdfs://master:54310/home/hduser/Files/2016/01/01/20160101084500.gkg.csv'
Archive:  /usr/local/hadoop/tmp/Files/2016/01/01/20160101090000.gkg.csv.zip

  inflating: /usr/local/hadoop/tmp/Files/2016/01/01/20160101090000.gkg.csv  
mkdir: Cannot create directory /home/hduser/Files/2016/01/01. Name node is in safe mode.
copyFromLocal: `/home/hduser/Files/2016/01/01/20160101090000.gkg.csv': No such file or directory: `hdfs://master:54310/home/hduser/Files/2016/01/01/20160101090000.gkg.csv'
Archive:  /usr/local/hadoop/tmp/Files/2016/01/01/20160101091500.gkg.csv.zip

  inflating: /usr/local/hadoop/tmp/Files/2016/01/01/20160101091500.gkg.csv  
mkdir: Cannot create directory /home/hduser/Files/2016/01/01. Name node is in safe mode.
copyFromLocal: `/home/hduser/Files/2016/01/01/20160101091500.gkg.csv': No such file or directory: `hdfs://master:54310/home/hduser/Files/2016/01/01/20160101091500.gkg.csv'
Archive:  /usr/local/hadoop/tmp/Files/2016/01/01/20160101093000.gkg.csv.zip

  inflating: /usr/local/hadoop/tmp/Files/2016/01/01/20160101093000.gkg.csv  
mkdir: Cannot create directory /home/hduser/Files/2016/01/01. Name node is in safe mode.
copyFromLocal: `/home/hduser/Files/2016/01/01/20160101093000.gkg.csv': No such file or directory: `hdfs://master:54310/home/hduser/Files/2016/01/01/20160101093000.gkg.csv'
Archive:  /usr/local/hadoop/tmp/Files/2016/01/01/20160101094500.gkg.csv.zip

  inflating: /usr/local/hadoop/tmp/Files/2016/01/01/20160101094500.gkg.csv  
mkdir: Cannot create directory /home/hduser/Files/2016/01/01. Name node is in safe mode.
copyFromLocal: `/home/hduser/Files/2016/01/01/20160101094500.gkg.csv': No such file or directory: `hdfs://master:54310/home/hduser/Files/2016/01/01/20160101094500.gkg.csv'
Archive:  /usr/local/hadoop/tmp/Files/2016/01/01/20160101100000.gkg.csv.zip

  inflating: /usr/local/hadoop/tmp/Files/2016/01/01/20160101100000.gkg.csv  
mkdir: Cannot create directory /home/hduser/Files/2016/01/01. Name node is in safe mode.
copyFromLocal: `/home/hduser/Files/2016/01/01/20160101100000.gkg.csv': No such file or directory: `hdfs://master:54310/home/hduser/Files/2016/01/01/20160101100000.gkg.csv'
Archive:  /usr/local/hadoop/tmp/Files/2016/01/01/20160101101500.gkg.csv.zip

  inflating: /usr/local/hadoop/tmp/Files/2016/01/01/20160101101500.gkg.csv  
mkdir: Cannot create directory /home/hduser/Files/2016/01/01. Name node is in safe mode.
copyFromLocal: `/home/hduser/Files/2016/01/01/20160101101500.gkg.csv': No such file or directory: `hdfs://master:54310/home/hduser/Files/2016/01/01/20160101101500.gkg.csv'
Archive:  /usr/local/hadoop/tmp/Files/2016/01/01/20160101103000.gkg.csv.zip

  inflating: /usr/local/hadoop/tmp/Files/2016/01/01/20160101103000.gkg.csv  
mkdir: Cannot create directory /home/hduser/Files/2016/01/01. Name node is in safe mode.
copyFromLocal: `/home/hduser/Files/2016/01/01/20160101103000.gkg.csv': No such file or directory: `hdfs://master:54310/home/hduser/Files/2016/01/01/20160101103000.gkg.csv'
Archive:  /usr/local/hadoop/tmp/Files/2016/01/01/20160101104500.gkg.csv.zip

  inflating: /usr/local/hadoop/tmp/Files/2016/01/01/20160101104500.gkg.csv  
mkdir: Cannot create directory /home/hduser/Files/2016/01/01. Name node is in safe mode.
copyFromLocal: `/home/hduser/Files/2016/01/01/20160101104500.gkg.csv': No such file or directory: `hdfs://master:54310/home/hduser/Files/2016/01/01/20160101104500.gkg.csv'
Archive:  /usr/local/hadoop/tmp/Files/2016/01/01/20160101110000.gkg.csv.zip

  inflating: /usr/local/hadoop/tmp/Files/2016/01/01/20160101110000.gkg.csv  
mkdir: Cannot create directory /home/hduser/Files/2016/01/01. Name node is in safe mode.
copyFromLocal: `/home/hduser/Files/2016/01/01/20160101110000.gkg.csv': No such file or directory: `hdfs://master:54310/home/hduser/Files/2016/01/01/20160101110000.gkg.csv'
Archive:  /usr/local/hadoop/tmp/Files/2016/01/01/20160101111500.gkg.csv.zip

  inflating: /usr/local/hadoop/tmp/Files/2016/01/01/20160101111500.gkg.csv  
mkdir: Cannot create directory /home/hduser/Files/2016/01/01. Name node is in safe mode.
copyFromLocal: `/home/hduser/Files/2016/01/01/20160101111500.gkg.csv': No such file or directory: `hdfs://master:54310/home/hduser/Files/2016/01/01/20160101111500.gkg.csv'
Archive:  /usr/local/hadoop/tmp/Files/2016/01/01/20160101113000.gkg.csv.zip

  inflating: /usr/local/hadoop/tmp/Files/2016/01/01/20160101113000.gkg.csv  
mkdir: Cannot create directory /home/hduser/Files/2016/01/01. Name node is in safe mode.
copyFromLocal: `/home/hduser/Files/2016/01/01/20160101113000.gkg.csv': No such file or directory: `hdfs://master:54310/home/hduser/Files/2016/01/01/20160101113000.gkg.csv'
Archive:  /usr/local/hadoop/tmp/Files/2016/01/01/20160101114500.gkg.csv.zip

  inflating: /usr/local/hadoop/tmp/Files/2016/01/01/20160101114500.gkg.csv  
mkdir: Cannot create directory /home/hduser/Files/2016/01/01. Name node is in safe mode.
copyFromLocal: `/home/hduser/Files/2016/01/01/20160101114500.gkg.csv': No such file or directory: `hdfs://master:54310/home/hduser/Files/2016/01/01/20160101114500.gkg.csv'
Archive:  /usr/local/hadoop/tmp/Files/2016/01/01/20160101120000.gkg.csv.zip

  inflating: /usr/local/hadoop/tmp/Files/2016/01/01/20160101120000.gkg.csv  
mkdir: Cannot create directory /home/hduser/Files/2016/01/01. Name node is in safe mode.
copyFromLocal: `/home/hduser/Files/2016/01/01/20160101120000.gkg.csv': No such file or directory: `hdfs://master:54310/home/hduser/Files/2016/01/01/20160101120000.gkg.csv'
Archive:  /usr/local/hadoop/tmp/Files/2016/01/01/20160101121500.gkg.csv.zip

  inflating: /usr/local/hadoop/tmp/Files/2016/01/01/20160101121500.gkg.csv  
mkdir: Cannot create directory /home/hduser/Files/2016/01/01. Name node is in safe mode.
copyFromLocal: `/home/hduser/Files/2016/01/01/20160101121500.gkg.csv': No such file or directory: `hdfs://master:54310/home/hduser/Files/2016/01/01/20160101121500.gkg.csv'
Archive:  /usr/local/hadoop/tmp/Files/2016/01/01/20160101123000.gkg.csv.zip

  inflating: /usr/local/hadoop/tmp/Files/2016/01/01/20160101123000.gkg.csv  
mkdir: Cannot create directory /home/hduser/Files/2016/01/01. Name node is in safe mode.
copyFromLocal: `/home/hduser/Files/2016/01/01/20160101123000.gkg.csv': No such file or directory: `hdfs://master:54310/home/hduser/Files/2016/01/01/20160101123000.gkg.csv'
Archive:  /usr/local/hadoop/tmp/Files/2016/01/01/20160101124500.gkg.csv.zip

  inflating: /usr/local/hadoop/tmp/Files/2016/01/01/20160101124500.gkg.csv  
mkdir: Cannot create directory /home/hduser/Files/2016/01/01. Name node is in safe mode.
copyFromLocal: `/home/hduser/Files/2016/01/01/20160101124500.gkg.csv': No such file or directory: `hdfs://master:54310/home/hduser/Files/2016/01/01/20160101124500.gkg.csv'
Archive:  /usr/local/hadoop/tmp/Files/2016/01/01/20160101130000.gkg.csv.zip

  inflating: /usr/local/hadoop/tmp/Files/2016/01/01/20160101130000.gkg.csv  
mkdir: Cannot create directory /home/hduser/Files/2016/01/01. Name node is in safe mode.
copyFromLocal: `/home/hduser/Files/2016/01/01/20160101130000.gkg.csv': No such file or directory: `hdfs://master:54310/home/hduser/Files/2016/01/01/20160101130000.gkg.csv'
Archive:  /usr/local/hadoop/tmp/Files/2016/01/01/20160101131500.gkg.csv.zip

  inflating: /usr/local/hadoop/tmp/Files/2016/01/01/20160101131500.gkg.csv  
mkdir: Cannot create directory /home/hduser/Files/2016/01/01. Name node is in safe mode.
copyFromLocal: `/home/hduser/Files/2016/01/01/20160101131500.gkg.csv': No such file or directory: `hdfs://master:54310/home/hduser/Files/2016/01/01/20160101131500.gkg.csv'
Archive:  /usr/local/hadoop/tmp/Files/2016/01/01/20160101133000.gkg.csv.zip

  inflating: /usr/local/hadoop/tmp/Files/2016/01/01/20160101133000.gkg.csv  
mkdir: Cannot create directory /home/hduser/Files/2016/01/01. Name node is in safe mode.
copyFromLocal: `/home/hduser/Files/2016/01/01/20160101133000.gkg.csv': No such file or directory: `hdfs://master:54310/home/hduser/Files/2016/01/01/20160101133000.gkg.csv'
Archive:  /usr/local/hadoop/tmp/Files/2016/01/01/20160101134500.gkg.csv.zip

  inflating: /usr/local/hadoop/tmp/Files/2016/01/01/20160101134500.gkg.csv  
mkdir: Cannot create directory /home/hduser/Files/2016/01/01. Name node is in safe mode.
copyFromLocal: `/home/hduser/Files/2016/01/01/20160101134500.gkg.csv': No such file or directory: `hdfs://master:54310/home/hduser/Files/2016/01/01/20160101134500.gkg.csv'
Archive:  /usr/local/hadoop/tmp/Files/2016/01/01/20160101140000.gkg.csv.zip

  inflating: /usr/local/hadoop/tmp/Files/2016/01/01/20160101140000.gkg.csv  
mkdir: Cannot create directory /home/hduser/Files/2016/01/01. Name node is in safe mode.
copyFromLocal: `/home/hduser/Files/2016/01/01/20160101140000.gkg.csv': No such file or directory: `hdfs://master:54310/home/hduser/Files/2016/01/01/20160101140000.gkg.csv'
Archive:  /usr/local/hadoop/tmp/Files/2016/01/01/20160101141500.gkg.csv.zip

  inflating: /usr/local/hadoop/tmp/Files/2016/01/01/20160101141500.gkg.csv  
mkdir: Cannot create directory /home/hduser/Files/2016/01/01. Name node is in safe mode.
copyFromLocal: `/home/hduser/Files/2016/01/01/20160101141500.gkg.csv': No such file or directory: `hdfs://master:54310/home/hduser/Files/2016/01/01/20160101141500.gkg.csv'
Archive:  /usr/local/hadoop/tmp/Files/2016/01/01/20160101143000.gkg.csv.zip

  inflating: /usr/local/hadoop/tmp/Files/2016/01/01/20160101143000.gkg.csv  
mkdir: Cannot create directory /home/hduser/Files/2016/01/01. Name node is in safe mode.
copyFromLocal: `/home/hduser/Files/2016/01/01/20160101143000.gkg.csv': No such file or directory: `hdfs://master:54310/home/hduser/Files/2016/01/01/20160101143000.gkg.csv'
Archive:  /usr/local/hadoop/tmp/Files/2016/01/01/20160101144500.gkg.csv.zip

  inflating: /usr/local/hadoop/tmp/Files/2016/01/01/20160101144500.gkg.csv  
mkdir: Cannot create directory /home/hduser/Files/2016/01/01. Name node is in safe mode.
copyFromLocal: `/home/hduser/Files/2016/01/01/20160101144500.gkg.csv': No such file or directory: `hdfs://master:54310/home/hduser/Files/2016/01/01/20160101144500.gkg.csv'
Archive:  /usr/local/hadoop/tmp/Files/2016/01/01/20160101150000.gkg.csv.zip

  inflating: /usr/local/hadoop/tmp/Files/2016/01/01/20160101150000.gkg.csv  
mkdir: Cannot create directory /home/hduser/Files/2016/01/01. Name node is in safe mode.
copyFromLocal: `/home/hduser/Files/2016/01/01/20160101150000.gkg.csv': No such file or directory: `hdfs://master:54310/home/hduser/Files/2016/01/01/20160101150000.gkg.csv'
Archive:  /usr/local/hadoop/tmp/Files/2016/01/01/20160101151500.gkg.csv.zip

  inflating: /usr/local/hadoop/tmp/Files/2016/01/01/20160101151500.gkg.csv  
mkdir: Cannot create directory /home/hduser/Files/2016/01/01. Name node is in safe mode.
copyFromLocal: `/home/hduser/Files/2016/01/01/20160101151500.gkg.csv': No such file or directory: `hdfs://master:54310/home/hduser/Files/2016/01/01/20160101151500.gkg.csv'
Archive:  /usr/local/hadoop/tmp/Files/2016/01/01/20160101153000.gkg.csv.zip

  inflating: /usr/local/hadoop/tmp/Files/2016/01/01/20160101153000.gkg.csv  
mkdir: Cannot create directory /home/hduser/Files/2016/01/01. Name node is in safe mode.
copyFromLocal: `/home/hduser/Files/2016/01/01/20160101153000.gkg.csv': No such file or directory: `hdfs://master:54310/home/hduser/Files/2016/01/01/20160101153000.gkg.csv'
Archive:  /usr/local/hadoop/tmp/Files/2016/01/01/20160101154500.gkg.csv.zip

  inflating: /usr/local/hadoop/tmp/Files/2016/01/01/20160101154500.gkg.csv  
mkdir: Cannot create directory /home/hduser/Files/2016/01/01. Name node is in safe mode.
copyFromLocal: `/home/hduser/Files/2016/01/01/20160101154500.gkg.csv': No such file or directory: `hdfs://master:54310/home/hduser/Files/2016/01/01/20160101154500.gkg.csv'
Archive:  /usr/local/hadoop/tmp/Files/2016/01/01/20160101160000.gkg.csv.zip

  inflating: /usr/local/hadoop/tmp/Files/2016/01/01/20160101160000.gkg.csv  
mkdir: Cannot create directory /home/hduser/Files/2016/01/01. Name node is in safe mode.
